{"/Users/heliokroger/projects/Agap2Challenge/src/helpers/formatters.ts": {"path":"/Users/heliokroger/projects/Agap2Challenge/src/helpers/formatters.ts","statementMap":{"0":{"start":{"line":1,"column":37},"end":{"line":14,"column":1}},"1":{"start":{"line":2,"column":2},"end":{"line":11,"column":3}},"2":{"start":{"line":3,"column":18},"end":{"line":3,"column":42}},"3":{"start":{"line":4,"column":20},"end":{"line":4,"column":40}},"4":{"start":{"line":6,"column":4},"end":{"line":8,"column":5}},"5":{"start":{"line":7,"column":6},"end":{"line":7,"column":40}},"6":{"start":{"line":10,"column":4},"end":{"line":10,"column":24}},"7":{"start":{"line":13,"column":2},"end":{"line":13,"column":25}},"8":{"start":{"line":16,"column":40},"end":{"line":19,"column":1}},"9":{"start":{"line":17,"column":17},"end":{"line":17,"column":32}},"10":{"start":{"line":18,"column":2},"end":{"line":18,"column":14}},"11":{"start":{"line":21,"column":37},"end":{"line":21,"column":76}},"12":{"start":{"line":21,"column":59},"end":{"line":21,"column":76}},"13":{"start":{"line":23,"column":36},"end":{"line":24,"column":34}},"14":{"start":{"line":24,"column":2},"end":{"line":24,"column":34}}},"fnMap":{"0":{"name":"(anonymous_0)","decl":{"start":{"line":1,"column":37},"end":{"line":1,"column":38}},"loc":{"start":{"line":1,"column":58},"end":{"line":14,"column":1}},"line":1},"1":{"name":"(anonymous_1)","decl":{"start":{"line":16,"column":40},"end":{"line":16,"column":41}},"loc":{"start":{"line":16,"column":58},"end":{"line":19,"column":1}},"line":16},"2":{"name":"(anonymous_2)","decl":{"start":{"line":21,"column":37},"end":{"line":21,"column":38}},"loc":{"start":{"line":21,"column":59},"end":{"line":21,"column":76}},"line":21},"3":{"name":"(anonymous_3)","decl":{"start":{"line":23,"column":36},"end":{"line":23,"column":37}},"loc":{"start":{"line":24,"column":2},"end":{"line":24,"column":34}},"line":24}},"branchMap":{"0":{"loc":{"start":{"line":2,"column":2},"end":{"line":11,"column":3}},"type":"if","locations":[{"start":{"line":2,"column":2},"end":{"line":11,"column":3}},{"start":{},"end":{}}],"line":2},"1":{"loc":{"start":{"line":6,"column":4},"end":{"line":8,"column":5}},"type":"if","locations":[{"start":{"line":6,"column":4},"end":{"line":8,"column":5}},{"start":{},"end":{}}],"line":6}},"s":{"0":1,"1":3,"2":2,"3":2,"4":2,"5":1,"6":1,"7":1,"8":1,"9":1,"10":1,"11":1,"12":1,"13":1,"14":1},"f":{"0":3,"1":1,"2":1,"3":1},"b":{"0":[2,1],"1":[1,1]},"_coverageSchema":"1a1c01bbd47fc00a2c39e90264f33305004495a9","hash":"ce248f53108625afa1f0c5acd8633913b120d49a"}
,"/Users/heliokroger/projects/Agap2Challenge/src/helpers/index.ts": {"path":"/Users/heliokroger/projects/Agap2Challenge/src/helpers/index.ts","statementMap":{},"fnMap":{},"branchMap":{},"s":{},"f":{},"b":{},"_coverageSchema":"1a1c01bbd47fc00a2c39e90264f33305004495a9","hash":"c41fb4a8ea29a46d481905a76585d4baac74acd0"}
}
